mode: set
github.com/goCalcProj/internal/calculator/builder.go:12.107,13.20 1 1
github.com/goCalcProj/internal/calculator/builder.go:13.20,15.3 1 1
github.com/goCalcProj/internal/calculator/builder.go:16.2,16.35 1 1
github.com/goCalcProj/internal/calculator/builder.go:17.26,18.23 1 1
github.com/goCalcProj/internal/calculator/builder.go:19.28,22.54 3 1
github.com/goCalcProj/internal/calculator/builder.go:22.54,24.4 1 1
github.com/goCalcProj/internal/calculator/builder.go:25.3,28.60 4 1
github.com/goCalcProj/internal/calculator/builder.go:29.10,33.54 4 1
github.com/goCalcProj/internal/calculator/builder.go:38.138,45.41 4 1
github.com/goCalcProj/internal/calculator/builder.go:45.41,46.27 1 1
github.com/goCalcProj/internal/calculator/builder.go:46.27,48.4 1 1
github.com/goCalcProj/internal/calculator/builder.go:52.2,52.41 1 1
github.com/goCalcProj/internal/calculator/builder.go:52.41,53.27 1 1
github.com/goCalcProj/internal/calculator/builder.go:53.27,54.63 1 1
github.com/goCalcProj/internal/calculator/builder.go:54.63,56.5 1 1
github.com/goCalcProj/internal/calculator/builder.go:57.4,57.66 1 1
github.com/goCalcProj/internal/calculator/builder.go:57.66,59.5 1 1
github.com/goCalcProj/internal/calculator/builder.go:60.9,60.35 1 1
github.com/goCalcProj/internal/calculator/builder.go:60.35,61.32 1 1
github.com/goCalcProj/internal/calculator/builder.go:61.32,64.5 2 1
github.com/goCalcProj/internal/calculator/builder.go:65.4,65.46 1 1
github.com/goCalcProj/internal/calculator/builder.go:70.2,70.20 1 1
github.com/goCalcProj/internal/calculator/builder.go:70.20,73.3 2 1
github.com/goCalcProj/internal/calculator/builder.go:76.2,84.41 7 1
github.com/goCalcProj/internal/calculator/builder.go:84.41,86.34 2 1
github.com/goCalcProj/internal/calculator/builder.go:86.34,88.28 2 1
github.com/goCalcProj/internal/calculator/builder.go:88.28,90.48 1 1
github.com/goCalcProj/internal/calculator/builder.go:90.48,95.13 5 1
github.com/goCalcProj/internal/calculator/builder.go:96.75,96.75 0 1
github.com/goCalcProj/internal/calculator/builder.go:97.24,98.70 1 0
github.com/goCalcProj/internal/calculator/builder.go:100.6,100.12 1 1
github.com/goCalcProj/internal/calculator/builder.go:104.5,108.22 3 1
github.com/goCalcProj/internal/calculator/builder.go:108.22,110.29 2 1
github.com/goCalcProj/internal/calculator/builder.go:110.29,112.14 2 0
github.com/goCalcProj/internal/calculator/builder.go:113.25,117.14 4 0
github.com/goCalcProj/internal/calculator/builder.go:118.15,119.19 1 0
github.com/goCalcProj/internal/calculator/builder.go:122.6,122.20 1 1
github.com/goCalcProj/internal/calculator/builder.go:124.5,124.23 1 1
github.com/goCalcProj/internal/calculator/builder.go:124.23,126.30 2 1
github.com/goCalcProj/internal/calculator/builder.go:126.30,128.14 2 1
github.com/goCalcProj/internal/calculator/builder.go:129.25,133.14 4 1
github.com/goCalcProj/internal/calculator/builder.go:134.15,135.19 1 1
github.com/goCalcProj/internal/calculator/builder.go:138.6,138.20 1 1
github.com/goCalcProj/internal/calculator/builder.go:142.5,144.19 3 1
github.com/goCalcProj/internal/calculator/builder.go:144.19,149.13 5 1
github.com/goCalcProj/internal/calculator/builder.go:150.86,150.86 0 1
github.com/goCalcProj/internal/calculator/builder.go:151.24,152.70 1 0
github.com/goCalcProj/internal/calculator/builder.go:154.6,154.12 1 1
github.com/goCalcProj/internal/calculator/builder.go:156.5,157.19 2 1
github.com/goCalcProj/internal/calculator/builder.go:157.19,162.13 5 0
github.com/goCalcProj/internal/calculator/builder.go:163.87,163.87 0 0
github.com/goCalcProj/internal/calculator/builder.go:164.24,165.70 1 0
github.com/goCalcProj/internal/calculator/builder.go:167.6,167.12 1 0
github.com/goCalcProj/internal/calculator/builder.go:171.5,172.21 2 1
github.com/goCalcProj/internal/calculator/builder.go:173.14,174.33 1 1
github.com/goCalcProj/internal/calculator/builder.go:175.14,176.33 1 1
github.com/goCalcProj/internal/calculator/builder.go:177.14,178.33 1 1
github.com/goCalcProj/internal/calculator/builder.go:179.13,184.13 5 1
github.com/goCalcProj/internal/calculator/builder.go:185.90,185.90 0 1
github.com/goCalcProj/internal/calculator/builder.go:186.24,187.70 1 0
github.com/goCalcProj/internal/calculator/builder.go:189.6,189.12 1 1
github.com/goCalcProj/internal/calculator/builder.go:193.5,194.53 2 1
github.com/goCalcProj/internal/calculator/builder.go:194.53,199.13 5 1
github.com/goCalcProj/internal/calculator/builder.go:200.72,200.72 0 1
github.com/goCalcProj/internal/calculator/builder.go:201.24,202.70 1 0
github.com/goCalcProj/internal/calculator/builder.go:204.6,205.12 2 1
github.com/goCalcProj/internal/calculator/builder.go:207.5,213.19 7 1
github.com/goCalcProj/internal/calculator/builder.go:214.10,214.36 1 1
github.com/goCalcProj/internal/calculator/builder.go:214.36,218.28 3 1
github.com/goCalcProj/internal/calculator/builder.go:218.28,220.13 2 1
github.com/goCalcProj/internal/calculator/builder.go:221.24,225.13 4 1
github.com/goCalcProj/internal/calculator/builder.go:226.14,227.18 1 1
github.com/goCalcProj/internal/calculator/builder.go:230.5,235.16 4 1
github.com/goCalcProj/internal/calculator/builder.go:235.16,240.13 5 0
github.com/goCalcProj/internal/calculator/builder.go:241.76,241.76 0 0
github.com/goCalcProj/internal/calculator/builder.go:242.24,243.69 1 0
github.com/goCalcProj/internal/calculator/builder.go:245.6,246.12 2 0
github.com/goCalcProj/internal/calculator/builder.go:248.5,249.12 2 1
github.com/goCalcProj/internal/calculator/builder.go:250.68,250.68 0 1
github.com/goCalcProj/internal/calculator/builder.go:251.23,252.68 1 0
github.com/goCalcProj/internal/calculator/builder.go:254.5,254.19 1 1
github.com/goCalcProj/internal/calculator/builder.go:260.2,261.12 2 1
github.com/goCalcProj/internal/calculator/builder.go:261.12,269.3 7 1
github.com/goCalcProj/internal/calculator/builder.go:272.2,272.6 1 1
github.com/goCalcProj/internal/calculator/builder.go:272.6,273.10 1 1
github.com/goCalcProj/internal/calculator/builder.go:274.29,275.24 1 1
github.com/goCalcProj/internal/calculator/builder.go:275.24,282.5 6 1
github.com/goCalcProj/internal/calculator/builder.go:283.4,283.11 1 1
github.com/goCalcProj/internal/calculator/builder.go:283.11,286.24 2 1
github.com/goCalcProj/internal/calculator/builder.go:288.21,294.25 6 1
github.com/goCalcProj/internal/calculator/builder.go:300.2,301.32 2 1
github.com/goCalcProj/internal/calculator/builder.go:301.32,304.3 2 1
github.com/goCalcProj/internal/calculator/builder.go:306.2,307.37 2 1
github.com/goCalcProj/internal/calculator/builder.go:307.37,308.49 1 1
github.com/goCalcProj/internal/calculator/builder.go:308.49,310.4 1 1
github.com/goCalcProj/internal/calculator/builder.go:310.9,312.4 1 0
github.com/goCalcProj/internal/calculator/builder.go:314.2,315.18 2 1
github.com/goCalcProj/internal/calculator/graph.go:4.46,9.31 4 1
github.com/goCalcProj/internal/calculator/graph.go:9.31,12.39 3 1
github.com/goCalcProj/internal/calculator/graph.go:12.39,13.26 1 1
github.com/goCalcProj/internal/calculator/graph.go:13.26,14.22 1 1
github.com/goCalcProj/internal/calculator/graph.go:14.22,16.6 1 1
github.com/goCalcProj/internal/calculator/graph.go:17.10,17.33 1 1
github.com/goCalcProj/internal/calculator/graph.go:17.33,19.5 1 1
github.com/goCalcProj/internal/calculator/graph.go:21.3,22.15 2 1
github.com/goCalcProj/internal/calculator/graph.go:25.2,25.25 1 1
github.com/goCalcProj/internal/calculator/graph.go:25.25,26.21 1 1
github.com/goCalcProj/internal/calculator/graph.go:26.21,27.17 1 1
github.com/goCalcProj/internal/calculator/graph.go:27.17,29.5 1 1
github.com/goCalcProj/internal/calculator/graph.go:32.2,32.14 1 1
github.com/goCalcProj/internal/calculator/types.go:16.28,21.2 1 1
